-------------------------------------------------------------------------------
Test set: com.example.inventory.service.SkuServiceImplTest
-------------------------------------------------------------------------------
Tests run: 1, Failures: 0, Errors: 1, Skipped: 0, Time elapsed: 0.008 s <<< FAILURE! - in com.example.inventory.service.SkuServiceImplTest
com.example.inventory.service.SkuServiceImplTest  Time elapsed: 0.008 s  <<< ERROR!
java.lang.NoClassDefFoundError: LSkuServiceImpl;
Caused by: java.lang.ClassNotFoundException: SkuServiceImpl

