<?xml version="1.0" encoding="UTF-8"?>
<testsuite xmlns:xsi="http://www.w3.org/2001/XMLSchema-instance" xsi:noNamespaceSchemaLocation="https://maven.apache.org/surefire/maven-surefire-plugin/xsd/surefire-test-report.xsd" name="com.example.inventory.service.impl.SkuServiceImplTest" time="0.063" tests="8" errors="0" skipped="0" failures="4">
  <properties>
[...]
</properties>
  <testcase name="testAddSkuToProduct_InvalidPrice" classname="com.example.inventory.service.impl.SkuServiceImplTest" time="0.046">
    <failure message="Unexpected exception type thrown ==&gt; expected: &lt;java.lang.IllegalArgumentException&gt; but was: &lt;com.example.inventory.exception.CustomValidationException&gt;" type="org.opentest4j.AssertionFailedError"><![CDATA[org.opentest4j.AssertionFailedError: Unexpected exception type thrown ==> expected: <java.lang.IllegalArgumentException> but was: <com.example.inventory.exception.CustomValidationException>
	at com.example.inventory.service.impl.SkuServiceImplTest.testAddSkuToProduct_InvalidPrice(SkuServiceImplTest.java:90)
Caused by: com.example.inventory.exception.CustomValidationException: Price must be greater than 0
	at com.example.inventory.service.impl.SkuServiceImplTest.lambda$testAddSkuToProduct_InvalidPrice$2(SkuServiceImplTest.java:90)
	at com.example.inventory.service.impl.SkuServiceImplTest.testAddSkuToProduct_InvalidPrice(SkuServiceImplTest.java:90)
]]></failure>
  </testcase>
  <testcase name="testAddSkuToProduct_ProductNotFound" classname="com.example.inventory.service.impl.SkuServiceImplTest" time="0"/>
  <testcase name="testAddSkuToProduct_DuplicateCode" classname="com.example.inventory.service.impl.SkuServiceImplTest" time="0">
    <failure message="Unexpected exception type thrown ==&gt; expected: &lt;java.lang.IllegalArgumentException&gt; but was: &lt;com.example.inventory.exception.CustomValidationException&gt;" type="org.opentest4j.AssertionFailedError"><![CDATA[org.opentest4j.AssertionFailedError: Unexpected exception type thrown ==> expected: <java.lang.IllegalArgumentException> but was: <com.example.inventory.exception.CustomValidationException>
	at com.example.inventory.service.impl.SkuServiceImplTest.testAddSkuToProduct_DuplicateCode(SkuServiceImplTest.java:80)
Caused by: com.example.inventory.exception.CustomValidationException: SKU with this code already exists for the product
	at com.example.inventory.service.impl.SkuServiceImplTest.lambda$testAddSkuToProduct_DuplicateCode$1(SkuServiceImplTest.java:80)
	at com.example.inventory.service.impl.SkuServiceImplTest.testAddSkuToProduct_DuplicateCode(SkuServiceImplTest.java:80)
]]></failure>
  </testcase>
  <testcase name="testUpdateSku" classname="com.example.inventory.service.impl.SkuServiceImplTest" time="0">
    <failure message="expected: &lt;199.99&gt; but was: &lt;null&gt;" type="org.opentest4j.AssertionFailedError"><![CDATA[org.opentest4j.AssertionFailedError: expected: <199.99> but was: <null>
	at com.example.inventory.service.impl.SkuServiceImplTest.testUpdateSku(SkuServiceImplTest.java:103)
]]></failure>
  </testcase>
  <testcase name="testAddSkuToProduct" classname="com.example.inventory.service.impl.SkuServiceImplTest" time="0">
    <failure message="expected: &lt;99.99&gt; but was: &lt;null&gt;" type="org.opentest4j.AssertionFailedError"><![CDATA[org.opentest4j.AssertionFailedError: expected: <99.99> but was: <null>
	at com.example.inventory.service.impl.SkuServiceImplTest.testAddSkuToProduct(SkuServiceImplTest.java:59)
]]></failure>
  </testcase>
  <testcase name="testDeleteSku_NotFound" classname="com.example.inventory.service.impl.SkuServiceImplTest" time="0"/>
  <testcase name="testDeleteSku" classname="com.example.inventory.service.impl.SkuServiceImplTest" time="0.004"/>
  <testcase name="testGetSkusByProduct" classname="com.example.inventory.service.impl.SkuServiceImplTest" time="0"/>
</testsuite>